1696219878878	geckodriver	INFO	Listening on 127.0.0.1:51046
1696219881919	mozrunner::runner	INFO	Running command: "C:\\Program Files\\Mozilla Firefox\\firefox.exe" "--marionette" "--remote-debugging-port" "51047" "--remote-allow-hosts" "localhost" "-no-remote" "-profile" "C:\\Users\\MYPC~1\\AppData\\Local\\Temp\\rust_mozprofileOBRLco"
console.warn: services.settings: Ignoring preference override of remote settings server
console.warn: services.settings: Allow by setting MOZ_REMOTE_SETTINGS_DEVTOOLS=1 in the environment
1696219882706	Marionette	INFO	Marionette enabled
Dynamically enable window occlusion 0
1696219882830	Marionette	INFO	Listening on port 51055
WebDriver BiDi listening on ws://127.0.0.1:51047
Read port: 51055
1696219883081	RemoteAgent	WARN	TLS certificate errors will be ignored for this session
DevTools listening on ws://127.0.0.1:51047/devtools/browser/7dd83da1-04cd-4f8d-a0f1-1c808ce0cecf
JavaScript warning: https://www.chinabidding.com/static/js/en/jquery-1.10.1.min.js, line 2: Using //@ to indicate sourceMappingURL pragmas is deprecated. Use //# instead
1696219986663	Marionette	INFO	Stopped listening on port 51055
Dynamically enable window occlusion 1
C:\\Users\\MYPC~1\\AppData\\Local\\Temp\\rust_mozprofileTom4gi"
console.warn: services.settings: Ignoring preference override of remote settings server
console.warn: services.settings: Allow by setting MOZ_REMOTE_SETTINGS_DEVTOOLS=1 in the environment
1696219888427	Marionette	INFO	Marionette enabled
Dynamically enable window occlusion 0
1696219888562	Marionette	INFO	Listening on port 51087
WebDriver BiDi listening on ws://127.0.0.1:51070
Read port: 51087
1696219888824	RemoteAgent	WARN	TLS certificate errors will be ignored for this session
DevTools listening on ws://127.0.0.1:51070/devtools/browser/9e309730-2ae5-4dea-9e8a-3d3e561d61d5
JavaScript warning: https://www.chinabidding.com/static/js/en/jquery-1.10.1.min.js, line 2: Using //@ to indicate sourceMappingURL pragmas is deprecated. Use //# instead
console.warn: LoginRecipes: "Falling back to a synchronous message for: https://www.chinabidding.com."
JavaScript warning: https://www.chinabidding.com/static/js/en/jquery-1.10.1.min.js, line 2: Using //@ to indicate sourceMappingURL pragmas is deprecated. Use //# instead
console.warn: LoginRecipes: "Falling back to a synchronous message for: https://www.chinabidding.com."
JavaScript warning: https://www.chinabidding.com/static/js/en/jquery-1.10.1.min.js, line 2: Using //@ to indicate sourceMappingURL pragmas is deprecated. Use //# instead
1696219989589	Marionette	INFO	Stopped listening on port 51087
Dynamically enable window occlusion 1
n
DevTools listening on ws://127.0.0.1:51108/devtools/browser/58257591-94f2-4dd5-8a9b-fcf942d70288
JavaScript warning: https://www.chinabidding.com/static/js/en/jquery-1.10.1.min.js, line 2: Using //@ to indicate sourceMappingURL pragmas is deprecated. Use //# instead
JavaScript warning: https://www.chinabidding.com/static/js/en/jquery-1.10.1.min.js, line 2: Using //@ to indicate sourceMappingURL pragmas is deprecated. Use //# instead
JavaScript warning: https://www.chinabidding.com/static/js/en/jquery-1.10.1.min.js, line 2: Using //@ to indicate sourceMappingURL pragmas is deprecated. Use //# instead
JavaScript warning: https://www.chinabidding.com/static/js/en/jquery-1.10.1.min.js, line 2: Using //@ to indicate sourceMappingURL pragmas is deprecated. Use //# instead
1696219993905	Marionette	INFO	Stopped listening on port 51125
Dynamically enable window occlusion 1
